======================================================================
NULL SIMULATION: Can Conventional Astrophysics Reproduce Γ₀?
======================================================================

Running 100,000 Monte Carlo simulations...
Conventional models: Baldwin Effect + metallicity + dust + progenitor drift + scatter broadening

  Mock 1,000/100,000...
  Mock 2,000/100,000...
  Mock 3,000/100,000...
  Mock 4,000/100,000...
  Mock 5,000/100,000...
  Mock 6,000/100,000...
  Mock 7,000/100,000...
  Mock 8,000/100,000...
  Mock 9,000/100,000...
  Mock 10,000/100,000...
  Mock 11,000/100,000...
  Mock 12,000/100,000...
  Mock 13,000/100,000...
  Mock 14,000/100,000...
  Mock 15,000/100,000...
  Mock 16,000/100,000...
  Mock 17,000/100,000...
  Mock 18,000/100,000...
  Mock 19,000/100,000...
  Mock 20,000/100,000...
  Mock 21,000/100,000...
  Mock 22,000/100,000...
  Mock 23,000/100,000...
  Mock 24,000/100,000...
  Mock 25,000/100,000...
  Mock 26,000/100,000...
  Mock 27,000/100,000...
  Mock 28,000/100,000...
  Mock 29,000/100,000...
  Mock 30,000/100,000...
  Mock 31,000/100,000...
  Mock 32,000/100,000...
  Mock 33,000/100,000...
  Mock 34,000/100,000...
  Mock 35,000/100,000...
  Mock 36,000/100,000...
  Mock 37,000/100,000...
  Mock 38,000/100,000...
  Mock 39,000/100,000...
  Mock 40,000/100,000...
  Mock 41,000/100,000...
  Mock 42,000/100,000...
  Mock 43,000/100,000...
  Mock 44,000/100,000...
  Mock 45,000/100,000...
  Mock 46,000/100,000...
  Mock 47,000/100,000...
  Mock 48,000/100,000...
  Mock 49,000/100,000...
  Mock 50,000/100,000...
  Mock 51,000/100,000...
  Mock 52,000/100,000...
  Mock 53,000/100,000...
  Mock 54,000/100,000...
  Mock 55,000/100,000...
  Mock 56,000/100,000...
  Mock 57,000/100,000...
  Mock 58,000/100,000...
  Mock 59,000/100,000...
  Mock 60,000/100,000...
  Mock 61,000/100,000...
  Mock 62,000/100,000...
  Mock 63,000/100,000...
  Mock 64,000/100,000...
  Mock 65,000/100,000...
  Mock 66,000/100,000...
  Mock 67,000/100,000...
  Mock 68,000/100,000...
  Mock 69,000/100,000...
  Mock 70,000/100,000...
  Mock 71,000/100,000...
  Mock 72,000/100,000...
  Mock 73,000/100,000...
  Mock 74,000/100,000...
  Mock 75,000/100,000...
  Mock 76,000/100,000...
  Mock 77,000/100,000...
  Mock 78,000/100,000...
  Mock 79,000/100,000...
  Mock 80,000/100,000...
  Mock 81,000/100,000...
  Mock 82,000/100,000...
  Mock 83,000/100,000...
  Mock 84,000/100,000...
  Mock 85,000/100,000...
  Mock 86,000/100,000...
  Mock 87,000/100,000...
  Mock 88,000/100,000...
  Mock 89,000/100,000...
  Mock 90,000/100,000...
  Mock 91,000/100,000...
  Mock 92,000/100,000...
  Mock 93,000/100,000...
  Mock 94,000/100,000...
  Mock 95,000/100,000...
  Mock 96,000/100,000...
  Mock 97,000/100,000...
  Mock 98,000/100,000...
  Mock 99,000/100,000...
  Mock 100,000/100,000...

======================================================================
RESULTS
======================================================================

Valid mocks: 100,000/100,000

--- Test 1: Γ₀ Recovery ---
  Real: Γ₀ = 0.533 ± 0.101
  Mock mean: Γ₀ = 1.010 ± 0.058
  Mock median: Γ₀ = 1.011
  Mocks within real 1σ: 0/100,000 (0.00%)

--- Test 2: Cross-Domain Collapse (ρ > 0.9) ---
  Real: ρ = 0.918
  Mock mean: ρ = 0.622 ± 0.064
  Mock median: ρ = 0.612
  Mocks with ρ > 0.9: 0/100,000 (0.00%)

--- Test 3: β(z) Drop ≥ 44% ---
  Real: 44% drop (2.94 → 1.64)
  Mock mean drop: 9.8% ± 3.8%
  Mocks with ≥44% drop: 0/100,000 (0.00%)

--- Test 4: Doublet Ladder (ρ > 0.95) ---
  Real: ρ = 0.975
  Mock mean: ρ = 0.850 ± 0.094
  Mocks with ρ > 0.95: 9,738/100,000 (9.74%)

--- Test 5: JOINT (All Criteria Simultaneously) ---
  Criteria: Γ₀ ∈ [0.432, 0.634] AND ρ > 0.9 AND β drop > 35% AND ladder ρ > 0.9
  Mocks passing ALL: 0/100,000 (0.0000%)
  → Conventional astrophysics CANNOT reproduce the pattern
  → Null rejection: > 5σ (0 mocks passed)


======================================================================
DISTRIBUTION ANALYSIS
======================================================================

Γ₀ distribution (conventional physics):
  5th percentile: 0.914
  25th percentile: 0.965
  50th percentile: 1.011
  75th percentile: 1.053
  95th percentile: 1.105

Cross-domain ρ distribution:
  5th percentile: 0.574
  25th percentile: 0.574
  50th percentile: 0.612
  75th percentile: 0.650
  95th percentile: 0.732

β drop % distribution:
  5th percentile: 3.9%
  25th percentile: 6.5%
  50th percentile: 9.8%
  75th percentile: 13.1%
  95th percentile: 15.8%

Z-scores (real value vs mock distribution):
  Γ₀:     z = -8.16
  ρ_cross: z = +4.59
  β drop:  z = +8.93


======================================================================
VERDICT
======================================================================
  Γ₀ recovery: FAILS (0.00% < 5%)
  Cross-domain ρ: FAILS (0.00% < 5%)
  β(z) 44% drop: FAILS (0.00% < 5%)
  Doublet ladder: possible (9.74%)
  JOINT: FAILS (0.0000% < 1%) — NULL REJECTED

  Summary: 4/5 criteria FAIL under conventional astrophysics
  → CONVENTIONAL ASTROPHYSICS CANNOT REPRODUCE THE OBSERVED PATTERN
  → The Diagnostic Compression Law describes something beyond known systematics

Results saved to results_null_simulation/

Done. 100,000 conventional mocks analyzed.
